launcher/build/outputs/logs/manifest-merger-aosp-debug-report.txt
-- Merging decision tree log ---
manifest
ADDED from VirtualApp202410/launcher/AndroidManifest-common.xml:20:1-127:12
INJECTED from VirtualApp202410/launcher/AndroidManifest-common.xml:20:1-127:12
INJECTED from VirtualApp202410/launcher/AndroidManifest-common.xml:20:1-127:12
INJECTED from VirtualApp202410/launcher/AndroidManifest-common.xml:20:1-127:12
MERGED from VirtualApp202410/launcher/AndroidManifest-common.xml:20:1-127:12
MERGED from [com.android.support:support-v4:27.1.1] AndroidManifest.xml:17:1-22:12
MERGED from [com.android.support:support-dynamic-animation:27.1.1] AndroidManifest.xml:17:1-22:12
MERGED from [com.android.support:recyclerview-v7:27.1.1] AndroidManifest.xml:17:1-22:12
MERGED from [com.android.support:palette-v7:27.1.1] AndroidManifest.xml:17:1-22:12
MERGED from [com.android.support:support-media-compat:27.1.1] AndroidManifest.xml:17:1-22:12
MERGED from [com.android.support:support-fragment:27.1.1] AndroidManifest.xml:17:1-22:12
MERGED from [com.android.support:support-core-ui:27.1.1] AndroidManifest.xml:17:1-22:12
MERGED from [com.android.support:support-core-utils:27.1.1] AndroidManifest.xml:17:1-22:12
MERGED from [com.android.support:support-compat:27.1.1] AndroidManifest.xml:17:1-22:12
MERGED from [android.arch.lifecycle:runtime:1.1.0] AndroidManifest.xml:17:1-22:12
MERGED from [android.arch.lifecycle:livedata-core:1.1.0] AndroidManifest.xml:17:1-22:12
MERGED from [android.arch.lifecycle:viewmodel:1.1.0] AndroidManifest.xml:17:1-22:12
MERGED from [android.arch.core:runtime:1.1.0] AndroidManifest.xml:17:1-22:12
INJECTED from VirtualApp202410/launcher/AndroidManifest.xml:20:1-202:12
INJECTED from VirtualApp202410/launcher/AndroidManifest.xml:20:1-202:12
INJECTED from VirtualApp202410/launcher/AndroidManifest.xml:20:1-202:12
	package
		ADDED from VirtualApp202410/launcher/AndroidManifest-common.xml:22:5-36
		INJECTED from VirtualApp202410/launcher/AndroidManifest-common.xml
		INJECTED from VirtualApp202410/launcher/AndroidManifest.xml
	android:versionName
		INJECTED from VirtualApp202410/launcher/AndroidManifest-common.xml
		ADDED from VirtualApp202410/launcher/AndroidManifest-common.xml:20:1-127:12
		INJECTED from VirtualApp202410/launcher/AndroidManifest.xml
	android:versionCode
		INJECTED from VirtualApp202410/launcher/AndroidManifest-common.xml
		ADDED from VirtualApp202410/launcher/AndroidManifest-common.xml:20:1-127:12
		INJECTED from VirtualApp202410/launcher/AndroidManifest.xml
	xmlns:android
		ADDED from VirtualApp202410/launcher/AndroidManifest-common.xml:21:5-63
uses-sdk
ADDED from VirtualApp202410/launcher/AndroidManifest-common.xml:23:5-73
INJECTED from VirtualApp202410/launcher/AndroidManifest-common.xml:23:5-73
MERGED from [com.android.support:support-v4:27.1.1] AndroidManifest.xml:20:5-44
MERGED from [com.android.support:support-v4:27.1.1] AndroidManifest.xml:20:5-44
MERGED from [com.android.support:support-dynamic-animation:27.1.1] AndroidManifest.xml:20:5-44
MERGED from [com.android.support:support-dynamic-animation:27.1.1] AndroidManifest.xml:20:5-44
MERGED from [com.android.support:recyclerview-v7:27.1.1] AndroidManifest.xml:20:5-44
MERGED from [com.android.support:recyclerview-v7:27.1.1] AndroidManifest.xml:20:5-44
MERGED from [com.android.support:palette-v7:27.1.1] AndroidManifest.xml:20:5-44
MERGED from [com.android.support:palette-v7:27.1.1] AndroidManifest.xml:20:5-44
MERGED from [com.android.support:support-media-compat:27.1.1] AndroidManifest.xml:20:5-44
MERGED from [com.android.support:support-media-compat:27.1.1] AndroidManifest.xml:20:5-44
MERGED from [com.android.support:support-fragment:27.1.1] AndroidManifest.xml:20:5-44
MERGED from [com.android.support:support-fragment:27.1.1] AndroidManifest.xml:20:5-44
MERGED from [com.android.support:support-core-ui:27.1.1] AndroidManifest.xml:20:5-44
MERGED from [com.android.support:support-core-ui:27.1.1] AndroidManifest.xml:20:5-44
MERGED from [com.android.support:support-core-utils:27.1.1] AndroidManifest.xml:20:5-44
MERGED from [com.android.support:support-core-utils:27.1.1] AndroidManifest.xml:20:5-44
MERGED from [com.android.support:support-compat:27.1.1] AndroidManifest.xml:20:5-44
MERGED from [com.android.support:support-compat:27.1.1] AndroidManifest.xml:20:5-44
MERGED from [android.arch.lifecycle:runtime:1.1.0] AndroidManifest.xml:20:5-44
MERGED from [android.arch.lifecycle:runtime:1.1.0] AndroidManifest.xml:20:5-44
MERGED from [android.arch.lifecycle:livedata-core:1.1.0] AndroidManifest.xml:20:5-44
MERGED from [android.arch.lifecycle:livedata-core:1.1.0] AndroidManifest.xml:20:5-44
MERGED from [android.arch.lifecycle:viewmodel:1.1.0] AndroidManifest.xml:20:5-44
MERGED from [android.arch.lifecycle:viewmodel:1.1.0] AndroidManifest.xml:20:5-44
MERGED from [android.arch.core:runtime:1.1.0] AndroidManifest.xml:20:5-44
MERGED from [android.arch.core:runtime:1.1.0] AndroidManifest.xml:20:5-44
INJECTED from VirtualApp202410/launcher/AndroidManifest.xml:23:5-73
	android:targetSdkVersion
		ADDED from VirtualApp202410/launcher/AndroidManifest-common.xml:23:15-44
		INJECTED from VirtualApp202410/launcher/AndroidManifest-common.xml
		INJECTED from VirtualApp202410/launcher/AndroidManifest.xml
	android:minSdkVersion
		ADDED from VirtualApp202410/launcher/AndroidManifest-common.xml:23:45-71
permission#com.android.launcher.permission.INSTALL_SHORTCUT
ADDED from VirtualApp202410/launcher/AndroidManifest-common.xml:33:5-38:67
	android:label
		ADDED from VirtualApp202410/launcher/AndroidManifest-common.xml:37:9-57
	android:protectionLevel
		ADDED from VirtualApp202410/launcher/AndroidManifest-common.xml:36:9-44
	android:permissionGroup
		ADDED from VirtualApp202410/launcher/AndroidManifest-common.xml:35:9-72
	android:description
		ADDED from VirtualApp202410/launcher/AndroidManifest-common.xml:38:9-64
	android:name
		ADDED from VirtualApp202410/launcher/AndroidManifest-common.xml:34:9-72
uses-feature#android.hardware.telephony
ADDED from VirtualApp202410/launcher/AndroidManifest-common.xml:40:5-88
	android:required
		ADDED from VirtualApp202410/launcher/AndroidManifest-common.xml:40:61-85
	android:name
		ADDED from VirtualApp202410/launcher/AndroidManifest-common.xml:40:19-60
uses-permission#android.permission.CALL_PHONE
ADDED from VirtualApp202410/launcher/AndroidManifest-common.xml:41:5-69
	android:name
		ADDED from VirtualApp202410/launcher/AndroidManifest-common.xml:41:22-66
uses-permission#android.permission.SET_WALLPAPER
ADDED from VirtualApp202410/launcher/AndroidManifest-common.xml:42:5-72
	android:name
		ADDED from VirtualApp202410/launcher/AndroidManifest-common.xml:42:22-69
uses-permission#android.permission.SET_WALLPAPER_HINTS
ADDED from VirtualApp202410/launcher/AndroidManifest-common.xml:43:5-78
	android:name
		ADDED from VirtualApp202410/launcher/AndroidManifest-common.xml:43:22-75
uses-permission#android.permission.BIND_APPWIDGET
ADDED from VirtualApp202410/launcher/AndroidManifest-common.xml:44:5-73
	android:name
		ADDED from VirtualApp202410/launcher/AndroidManifest-common.xml:44:22-70
uses-permission#android.permission.READ_EXTERNAL_STORAGE
ADDED from VirtualApp202410/launcher/AndroidManifest-common.xml:45:5-80
	android:name
		ADDED from VirtualApp202410/launcher/AndroidManifest-common.xml:45:22-77
uses-permission#android.permission.RECEIVE_BOOT_COMPLETED
ADDED from VirtualApp202410/launcher/AndroidManifest-common.xml:46:5-81
	android:name
		ADDED from VirtualApp202410/launcher/AndroidManifest-common.xml:46:22-78
application
ADDED from VirtualApp202410/launcher/AndroidManifest-common.xml:48:5-126:19
MERGED from VirtualApp202410/launcher/AndroidManifest-common.xml:48:5-126:19
MERGED from VirtualApp202410/launcher/AndroidManifest-common.xml:48:5-126:19
	android:backupAgent
		ADDED from VirtualApp202410/launcher/AndroidManifest-common.xml:49:9-72
	android:supportsRtl
		ADDED from VirtualApp202410/launcher/AndroidManifest-common.xml:57:9-35
	android:label
		ADDED from VirtualApp202410/launcher/AndroidManifest-common.xml:54:9-49
	android:hardwareAccelerated
		ADDED from VirtualApp202410/launcher/AndroidManifest-common.xml:52:9-43
	android:fullBackupContent
		ADDED from VirtualApp202410/launcher/AndroidManifest-common.xml:51:9-54
	android:restoreAnyVersion
		ADDED from VirtualApp202410/launcher/AndroidManifest-common.xml:56:9-41
	android:largeHeap
		ADDED from VirtualApp202410/launcher/AndroidManifest-common.xml:55:9-51
	android:icon
		ADDED from VirtualApp202410/launcher/AndroidManifest-common.xml:53:9-50
	android:theme
		ADDED from VirtualApp202410/launcher/AndroidManifest.xml:61:9-45
	android:fullBackupOnly
		ADDED from VirtualApp202410/launcher/AndroidManifest-common.xml:50:9-38
receiver#com.android.launcher3.InstallShortcutReceiver
ADDED from VirtualApp202410/launcher/AndroidManifest-common.xml:60:9-67:20
	android:enabled
		ADDED from VirtualApp202410/launcher/AndroidManifest-common.xml:63:13-64
	android:permission
		ADDED from VirtualApp202410/launcher/AndroidManifest-common.xml:62:13-82
	android:name
		ADDED from VirtualApp202410/launcher/AndroidManifest-common.xml:61:13-73
intent-filter#action:name:com.android.launcher.action.INSTALL_SHORTCUT
ADDED from VirtualApp202410/launcher/AndroidManifest-common.xml:64:13-66:29
action#com.android.launcher.action.INSTALL_SHORTCUT
ADDED from VirtualApp202410/launcher/AndroidManifest-common.xml:65:17-87
	android:name
		ADDED from VirtualApp202410/launcher/AndroidManifest-common.xml:65:25-84
receiver#com.android.launcher3.SessionCommitReceiver
ADDED from VirtualApp202410/launcher/AndroidManifest-common.xml:70:9-75:20
	android:name
		ADDED from VirtualApp202410/launcher/AndroidManifest-common.xml:71:13-71
intent-filter#action:name:android.content.pm.action.SESSION_COMMITTED
ADDED from VirtualApp202410/launcher/AndroidManifest-common.xml:72:13-74:29
action#android.content.pm.action.SESSION_COMMITTED
ADDED from VirtualApp202410/launcher/AndroidManifest-common.xml:73:17-86
	android:name
		ADDED from VirtualApp202410/launcher/AndroidManifest-common.xml:73:25-83
receiver#com.android.launcher3.AppWidgetsRestoredReceiver
ADDED from VirtualApp202410/launcher/AndroidManifest-common.xml:78:9-82:20
	android:name
		ADDED from VirtualApp202410/launcher/AndroidManifest-common.xml:78:19-82
intent-filter#action:name:android.appwidget.action.APPWIDGET_HOST_RESTORED
ADDED from VirtualApp202410/launcher/AndroidManifest-common.xml:79:13-81:29
action#android.appwidget.action.APPWIDGET_HOST_RESTORED
ADDED from VirtualApp202410/launcher/AndroidManifest-common.xml:80:17-90
	android:name
		ADDED from VirtualApp202410/launcher/AndroidManifest-common.xml:80:25-88
service#com.android.launcher3.dynamicui.ColorExtractionService
ADDED from VirtualApp202410/launcher/AndroidManifest-common.xml:84:9-88:19
	android:process
		ADDED from VirtualApp202410/launcher/AndroidManifest-common.xml:86:13-49
	android:exported
		ADDED from VirtualApp202410/launcher/AndroidManifest-common.xml:85:13-37
	android:permission
		ADDED from VirtualApp202410/launcher/AndroidManifest-common.xml:87:13-69
	android:name
		ADDED from VirtualApp202410/launcher/AndroidManifest-common.xml:84:18-87
service#com.android.launcher3.compat.WallpaperManagerCompatVL$ColorExtractionService
ADDED from VirtualApp202410/launcher/AndroidManifest-common.xml:90:9-94:72
	android:process
		ADDED from VirtualApp202410/launcher/AndroidManifest-common.xml:93:13-49
	android:exported
		ADDED from VirtualApp202410/launcher/AndroidManifest-common.xml:92:13-37
	android:permission
		ADDED from VirtualApp202410/launcher/AndroidManifest-common.xml:94:13-69
	android:name
		ADDED from VirtualApp202410/launcher/AndroidManifest-common.xml:91:13-104
service#com.android.launcher3.notification.NotificationListener
ADDED from VirtualApp202410/launcher/AndroidManifest-common.xml:96:9-102:19
	android:enabled
		ADDED from VirtualApp202410/launcher/AndroidManifest-common.xml:97:18-70
	android:permission
		ADDED from VirtualApp202410/launcher/AndroidManifest-common.xml:98:18-92
	android:name
		ADDED from VirtualApp202410/launcher/AndroidManifest-common.xml:96:18-88
intent-filter#action:name:android.service.notification.NotificationListenerService
ADDED from VirtualApp202410/launcher/AndroidManifest-common.xml:99:13-101:29
action#android.service.notification.NotificationListenerService
ADDED from VirtualApp202410/launcher/AndroidManifest-common.xml:100:17-99
	android:name
		ADDED from VirtualApp202410/launcher/AndroidManifest-common.xml:100:25-96
meta-data#android.nfc.disable_beam_default
ADDED from VirtualApp202410/launcher/AndroidManifest-common.xml:104:9-105:47
	android:value
		ADDED from VirtualApp202410/launcher/AndroidManifest-common.xml:105:24-44
	android:name
		ADDED from VirtualApp202410/launcher/AndroidManifest-common.xml:104:20-67
activity#com.android.launcher3.dragndrop.AddItemActivity
ADDED from VirtualApp202410/launcher/AndroidManifest-common.xml:107:9-116:20
	android:label
		ADDED from VirtualApp202410/launcher/AndroidManifest-common.xml:111:13-60
	android:excludeFromRecents
		ADDED from VirtualApp202410/launcher/AndroidManifest-common.xml:109:13-46
	android:autoRemoveFromRecents
		ADDED from VirtualApp202410/launcher/AndroidManifest-common.xml:110:13-49
	android:theme
		ADDED from VirtualApp202410/launcher/AndroidManifest-common.xml:108:13-82
	android:name
		ADDED from VirtualApp202410/launcher/AndroidManifest-common.xml:107:19-81
intent-filter#action:name:android.content.pm.action.CONFIRM_PIN_APPWIDGET+action:name:android.content.pm.action.CONFIRM_PIN_SHORTCUT
ADDED from VirtualApp202410/launcher/AndroidManifest-common.xml:112:13-115:29
action#android.content.pm.action.CONFIRM_PIN_SHORTCUT
ADDED from VirtualApp202410/launcher/AndroidManifest-common.xml:113:17-89
	android:name
		ADDED from VirtualApp202410/launcher/AndroidManifest-common.xml:113:25-86
action#android.content.pm.action.CONFIRM_PIN_APPWIDGET
ADDED from VirtualApp202410/launcher/AndroidManifest-common.xml:114:17-90
	android:name
		ADDED from VirtualApp202410/launcher/AndroidManifest-common.xml:114:25-87
meta-data#com.android.launcher3.launcher_dump_provider
ADDED from VirtualApp202410/launcher/AndroidManifest-common.xml:122:9-124:70
	android:value
		ADDED from VirtualApp202410/launcher/AndroidManifest-common.xml:124:13-67
	android:name
		ADDED from VirtualApp202410/launcher/AndroidManifest-common.xml:123:13-72
permission#amirz.rootless.nexuslauncher.debug.permission.READ_SETTINGS
ADDED from VirtualApp202410/launcher/AndroidManifest.xml:33:5-38:63
	android:label
		ADDED from VirtualApp202410/launcher/AndroidManifest.xml:37:9-54
	android:protectionLevel
		ADDED from VirtualApp202410/launcher/AndroidManifest.xml:36:9-44
	android:permissionGroup
		ADDED from VirtualApp202410/launcher/AndroidManifest.xml:35:9-72
	android:description
		ADDED from VirtualApp202410/launcher/AndroidManifest.xml:38:9-61
	android:name
		ADDED from VirtualApp202410/launcher/AndroidManifest.xml:34:9-65
permission#amirz.rootless.nexuslauncher.debug.permission.WRITE_SETTINGS
ADDED from VirtualApp202410/launcher/AndroidManifest.xml:39:5-44:64
	android:label
		ADDED from VirtualApp202410/launcher/AndroidManifest.xml:43:9-55
	android:protectionLevel
		ADDED from VirtualApp202410/launcher/AndroidManifest.xml:42:9-44
	android:permissionGroup
		ADDED from VirtualApp202410/launcher/AndroidManifest.xml:41:9-72
	android:description
		ADDED from VirtualApp202410/launcher/AndroidManifest.xml:44:9-62
	android:name
		ADDED from VirtualApp202410/launcher/AndroidManifest.xml:40:9-66
uses-permission#com.android.launcher.permission.READ_SETTINGS
ADDED from VirtualApp202410/launcher/AndroidManifest.xml:46:5-85
	android:name
		ADDED from VirtualApp202410/launcher/AndroidManifest.xml:46:22-82
uses-permission#com.android.launcher.permission.WRITE_SETTINGS
ADDED from VirtualApp202410/launcher/AndroidManifest.xml:47:5-86
	android:name
		ADDED from VirtualApp202410/launcher/AndroidManifest.xml:47:22-83
uses-permission#amirz.rootless.nexuslauncher.debug.permission.READ_SETTINGS
ADDED from VirtualApp202410/launcher/AndroidManifest.xml:48:5-81
	android:name
		ADDED from VirtualApp202410/launcher/AndroidManifest.xml:48:22-78
uses-permission#amirz.rootless.nexuslauncher.debug.permission.WRITE_SETTINGS
ADDED from VirtualApp202410/launcher/AndroidManifest.xml:49:5-82
	android:name
		ADDED from VirtualApp202410/launcher/AndroidManifest.xml:49:22-79
uses-permission#android.permission.EXPAND_STATUS_BAR
ADDED from VirtualApp202410/launcher/AndroidManifest.xml:52:5-76
	android:name
		ADDED from VirtualApp202410/launcher/AndroidManifest.xml:52:22-73
activity#com.google.android.apps.nexuslauncher.NexusLauncherActivity
ADDED from VirtualApp202410/launcher/AndroidManifest.xml:70:9-90:20
	android:screenOrientation
		ADDED from VirtualApp202410/launcher/AndroidManifest.xml:76:13-49
	android:enabled
		ADDED from VirtualApp202410/launcher/AndroidManifest.xml:81:13-35
	android:clearTaskOnLaunch
		ADDED from VirtualApp202410/launcher/AndroidManifest.xml:73:13-45
	android:stateNotNeeded
		ADDED from VirtualApp202410/launcher/AndroidManifest.xml:74:13-42
	android:launchMode
		ADDED from VirtualApp202410/launcher/AndroidManifest.xml:72:13-44
	android:windowSoftInputMode
		ADDED from VirtualApp202410/launcher/AndroidManifest.xml:75:13-52
	android:resizeableActivity
		ADDED from VirtualApp202410/launcher/AndroidManifest.xml:78:13-46
	android:resumeWhilePausing
		ADDED from VirtualApp202410/launcher/AndroidManifest.xml:79:13-46
	android:configChanges
		ADDED from VirtualApp202410/launcher/AndroidManifest.xml:77:13-71
	android:taskAffinity
		ADDED from VirtualApp202410/launcher/AndroidManifest.xml:80:13-36
	android:name
		ADDED from VirtualApp202410/launcher/AndroidManifest.xml:71:13-87
intent-filter#action:name:android.intent.action.MAIN+category:name:android.intent.category.DEFAULT+category:name:android.intent.category.HOME+category:name:android.intent.category.LAUNCHER+category:name:android.intent.category.LAUNCHER_APP+category:name:android.intent.category.MONKEY
ADDED from VirtualApp202410/launcher/AndroidManifest.xml:82:13-89:29
action#android.intent.action.MAIN
ADDED from VirtualApp202410/launcher/AndroidManifest.xml:83:17-69
	android:name
		ADDED from VirtualApp202410/launcher/AndroidManifest.xml:83:25-66
category#android.intent.category.HOME
ADDED from VirtualApp202410/launcher/AndroidManifest.xml:84:17-73
	android:name
		ADDED from VirtualApp202410/launcher/AndroidManifest.xml:84:27-70
category#android.intent.category.DEFAULT
ADDED from VirtualApp202410/launcher/AndroidManifest.xml:85:17-76
	android:name
		ADDED from VirtualApp202410/launcher/AndroidManifest.xml:85:27-73
category#android.intent.category.MONKEY
ADDED from VirtualApp202410/launcher/AndroidManifest.xml:86:17-74
	android:name
		ADDED from VirtualApp202410/launcher/AndroidManifest.xml:86:27-72
category#android.intent.category.LAUNCHER
ADDED from VirtualApp202410/launcher/AndroidManifest.xml:87:17-77
	android:name
		ADDED from VirtualApp202410/launcher/AndroidManifest.xml:87:27-74
category#android.intent.category.LAUNCHER_APP
ADDED from VirtualApp202410/launcher/AndroidManifest.xml:88:17-81
	android:name
		ADDED from VirtualApp202410/launcher/AndroidManifest.xml:88:27-78
activity#com.google.android.apps.nexuslauncher.SettingsActivity
ADDED from VirtualApp202410/launcher/AndroidManifest.xml:95:9-104:20
	android:label
		ADDED from VirtualApp202410/launcher/AndroidManifest.xml:97:13-57
	android:autoRemoveFromRecents
		ADDED from VirtualApp202410/launcher/AndroidManifest.xml:99:13-49
	android:theme
		ADDED from VirtualApp202410/launcher/AndroidManifest.xml:98:13-49
	android:name
		ADDED from VirtualApp202410/launcher/AndroidManifest.xml:96:13-82
intent-filter#action:name:android.intent.action.APPLICATION_PREFERENCES+category:name:android.intent.category.DEFAULT
ADDED from VirtualApp202410/launcher/AndroidManifest.xml:100:13-103:29
action#android.intent.action.APPLICATION_PREFERENCES
ADDED from VirtualApp202410/launcher/AndroidManifest.xml:101:17-88
	android:name
		ADDED from VirtualApp202410/launcher/AndroidManifest.xml:101:25-85
provider#com.android.launcher3.LauncherProvider
ADDED from VirtualApp202410/launcher/AndroidManifest.xml:111:9-116:82
	android:readPermission
		ADDED from VirtualApp202410/launcher/AndroidManifest.xml:116:13-79
	android:authorities
		ADDED from VirtualApp202410/launcher/AndroidManifest.xml:113:13-60
	android:exported
		ADDED from VirtualApp202410/launcher/AndroidManifest.xml:114:13-36
	android:writePermission
		ADDED from VirtualApp202410/launcher/AndroidManifest.xml:115:13-81
	android:name
		ADDED from VirtualApp202410/launcher/AndroidManifest.xml:112:13-66
activity#com.google.android.apps.nexuslauncher.search.AppLaunchActivity
ADDED from VirtualApp202410/launcher/AndroidManifest.xml:121:9-131:20
	android:theme
		ADDED from VirtualApp202410/launcher/AndroidManifest.xml:123:13-59
	android:name
		ADDED from VirtualApp202410/launcher/AndroidManifest.xml:122:13-90
intent-filter#action:name:com.google.android.apps.nexuslauncher.search.APP_LAUNCH+category:name:android.intent.category.DEFAULT+data:mimeType:vnd.android.cursor.dir/vnd.android.search.suggest+data:scheme:content
ADDED from VirtualApp202410/launcher/AndroidManifest.xml:124:13-130:29
	android:priority
		ADDED from VirtualApp202410/launcher/AndroidManifest.xml:124:28-48
action#com.google.android.apps.nexuslauncher.search.APP_LAUNCH
ADDED from VirtualApp202410/launcher/AndroidManifest.xml:125:17-97
	android:name
		ADDED from VirtualApp202410/launcher/AndroidManifest.xml:125:25-95
data
ADDED from VirtualApp202410/launcher/AndroidManifest.xml:127:17-129:47
	android:scheme
		ADDED from VirtualApp202410/launcher/AndroidManifest.xml:129:21-45
	android:mimeType
		ADDED from VirtualApp202410/launcher/AndroidManifest.xml:128:21-89
receiver#com.google.android.apps.nexuslauncher.qsb.OPAStatusReceiver
ADDED from VirtualApp202410/launcher/AndroidManifest.xml:132:9-136:20
	android:permission
		ADDED from VirtualApp202410/launcher/AndroidManifest.xml:132:94-155
	android:name
		ADDED from VirtualApp202410/launcher/AndroidManifest.xml:132:19-93
intent-filter#action:name:com.google.android.systemui.OPA_ENABLED
ADDED from VirtualApp202410/launcher/AndroidManifest.xml:133:13-135:29
action#com.google.android.systemui.OPA_ENABLED
ADDED from VirtualApp202410/launcher/AndroidManifest.xml:134:17-82
	android:name
		ADDED from VirtualApp202410/launcher/AndroidManifest.xml:134:25-79
receiver#com.google.android.apps.nexuslauncher.smartspace.SmartspaceBroadcastReceiver
ADDED from VirtualApp202410/launcher/AndroidManifest.xml:137:9-141:20
	android:name
		ADDED from VirtualApp202410/launcher/AndroidManifest.xml:137:19-110
intent-filter#action:name:com.google.android.apps.nexuslauncher.UPDATE_SMARTSPACE
ADDED from VirtualApp202410/launcher/AndroidManifest.xml:138:13-140:29
action#com.google.android.apps.nexuslauncher.UPDATE_SMARTSPACE
ADDED from VirtualApp202410/launcher/AndroidManifest.xml:139:17-98
	android:name
		ADDED from VirtualApp202410/launcher/AndroidManifest.xml:139:25-95
receiver#com.google.android.apps.nexuslauncher.qsb.LongClickReceiver
ADDED from VirtualApp202410/launcher/AndroidManifest.xml:142:9-96
	android:name
		ADDED from VirtualApp202410/launcher/AndroidManifest.xml:142:19-93
provider#com.google.android.apps.nexuslauncher.search.AppSearchProvider
ADDED from VirtualApp202410/launcher/AndroidManifest.xml:143:9-146:93
	android:authorities
		ADDED from VirtualApp202410/launcher/AndroidManifest.xml:144:13-62
	android:exported
		ADDED from VirtualApp202410/launcher/AndroidManifest.xml:145:13-36
	android:name
		ADDED from VirtualApp202410/launcher/AndroidManifest.xml:146:13-90
meta-data#android.max_aspect
ADDED from VirtualApp202410/launcher/AndroidManifest.xml:151:9-76
	android:value
		ADDED from VirtualApp202410/launcher/AndroidManifest.xml:151:54-73
	android:name
		ADDED from VirtualApp202410/launcher/AndroidManifest.xml:151:20-53